<?xml version="1.0" encoding="UTF-8"?>
<testng-results ignored="0" total="10" passed="8" failed="1" skipped="1">
  <reporter-output>
  </reporter-output>
  <suite started-at="2024-09-12T11:10:47 TRT" name="All Test Suite" finished-at="2024-09-12T11:11:32 TRT" duration-ms="45021">
    <groups>
    </groups>
    <test started-at="2024-09-12T11:10:47 TRT" name="/Users/egeacar/Desktop/insiderQAEngineerTask/SeleniumRestAssuredJmeter_InsiderTask_2024" finished-at="2024-09-12T11:11:32 TRT" duration-ms="45021">
      <class name="insider.automation.ui.Tests.Scenario1">
        <test-method is-config="true" signature="setUp()[pri:0, instance:insider.automation.ui.Tests.Scenario1@5400db36]" started-at="2024-09-12T11:10:47 TRT" name="setUp" finished-at="2024-09-12T11:10:47 TRT" duration-ms="4" status="PASS">
          <reporter-output>
          </reporter-output>
        </test-method> <!-- setUp -->
        <test-method signature="openHomePage()[pri:0, instance:insider.automation.ui.Tests.Scenario1@5400db36]" started-at="2024-09-12T11:10:47 TRT" name="openHomePage" finished-at="2024-09-12T11:10:49 TRT" duration-ms="1999" status="PASS">
          <reporter-output>
          </reporter-output>
        </test-method> <!-- openHomePage -->
        <test-method signature="openCareersPage()[pri:0, instance:insider.automation.ui.Tests.Scenario1@5400db36]" started-at="2024-09-12T11:10:49 TRT" name="openCareersPage" finished-at="2024-09-12T11:10:52 TRT" depends-on-methods="insider.automation.ui.Tests.Scenario1.openHomePage" duration-ms="3061" status="PASS">
          <reporter-output>
          </reporter-output>
        </test-method> <!-- openCareersPage -->
        <test-method signature="isOpenedSeeAllTeamsSection()[pri:0, instance:insider.automation.ui.Tests.Scenario1@5400db36]" started-at="2024-09-12T11:10:52 TRT" name="isOpenedSeeAllTeamsSection" finished-at="2024-09-12T11:10:53 TRT" depends-on-methods="insider.automation.ui.Tests.Scenario1.openCareersPage" duration-ms="1066" status="PASS">
          <reporter-output>
          </reporter-output>
        </test-method> <!-- isOpenedSeeAllTeamsSection -->
        <test-method signature="isOpenedQualityAssuranceJobsPage()[pri:0, instance:insider.automation.ui.Tests.Scenario1@5400db36]" started-at="2024-09-12T11:10:53 TRT" name="isOpenedQualityAssuranceJobsPage" finished-at="2024-09-12T11:10:55 TRT" depends-on-methods="insider.automation.ui.Tests.Scenario1.isOpenedSeeAllTeamsSection" duration-ms="1765" status="PASS">
          <reporter-output>
          </reporter-output>
        </test-method> <!-- isOpenedQualityAssuranceJobsPage -->
        <test-method signature="isOpenQAJobsPageOpened()[pri:0, instance:insider.automation.ui.Tests.Scenario1@5400db36]" started-at="2024-09-12T11:10:55 TRT" name="isOpenQAJobsPageOpened" finished-at="2024-09-12T11:10:56 TRT" depends-on-methods="insider.automation.ui.Tests.Scenario1.isOpenedQualityAssuranceJobsPage" duration-ms="1359" status="PASS">
          <reporter-output>
          </reporter-output>
        </test-method> <!-- isOpenQAJobsPageOpened -->
        <test-method signature="SelectLocationForJob()[pri:0, instance:insider.automation.ui.Tests.Scenario1@5400db36]" started-at="2024-09-12T11:10:56 TRT" name="SelectLocationForJob" finished-at="2024-09-12T11:10:59 TRT" depends-on-methods="insider.automation.ui.Tests.Scenario1.isOpenQAJobsPageOpened" duration-ms="3110" status="PASS">
          <reporter-output>
          </reporter-output>
        </test-method> <!-- SelectLocationForJob -->
        <test-method signature="SelectLocationForJob()[pri:0, instance:insider.automation.ui.Tests.Scenario1@5400db36]" started-at="2024-09-12T11:10:59 TRT" name="SelectLocationForJob" finished-at="2024-09-12T11:10:59 TRT" depends-on-methods="insider.automation.ui.Tests.Scenario1.isOpenQAJobsPageOpened" duration-ms="27" status="PASS">
          <reporter-output>
          </reporter-output>
        </test-method> <!-- SelectLocationForJob -->
        <test-method signature="isThereOpenQAPosition()[pri:0, instance:insider.automation.ui.Tests.Scenario1@5400db36]" started-at="2024-09-12T11:10:59 TRT" name="isThereOpenQAPosition" finished-at="2024-09-12T11:10:59 TRT" depends-on-methods="insider.automation.ui.Tests.Scenario1.SelectLocationForJob" duration-ms="15" status="PASS">
          <reporter-output>
          </reporter-output>
        </test-method> <!-- isThereOpenQAPosition -->
        <test-method signature="checkOpenPositionsDepartment()[pri:0, instance:insider.automation.ui.Tests.Scenario1@5400db36]" started-at="2024-09-12T11:10:59 TRT" name="checkOpenPositionsDepartment" finished-at="2024-09-12T11:11:31 TRT" depends-on-methods="insider.automation.ui.Tests.Scenario1.isThereOpenQAPosition" duration-ms="31233" status="FAIL">
          <exception class="org.openqa.selenium.TimeoutException">
            <message>
              <![CDATA[Expected condition failed: waiting for visibility of element located by By.xpath: //div[@data-team='qualityassurance']//span (tried for 5 second(s) with 500 milliseconds interval)
Build info: version: '4.23.0', revision: '4df0a231af'
System info: os.name: 'Mac OS X', os.arch: 'aarch64', os.version: '14.4.1', java.version: '17.0.5'
Driver info: org.openqa.selenium.chrome.ChromeDriver
Capabilities {acceptInsecureCerts: false, browserName: chrome, browserVersion: 128.0.6613.137, chrome: {chromedriverVersion: 128.0.6613.137 (fe621c5aa2d..., userDataDir: /var/folders/pq/xs3n_zk14lz...}, fedcm:accounts: true, goog:chromeOptions: {debuggerAddress: localhost:64315}, networkConnectionEnabled: false, pageLoadStrategy: normal, platformName: mac, proxy: Proxy(), se:cdp: ws://localhost:64315/devtoo..., se:cdpVersion: 128.0.6613.137, setWindowRect: true, strictFileInteractability: false, timeouts: {implicit: 0, pageLoad: 300000, script: 30000}, unhandledPromptBehavior: dismiss and notify, webauthn:extension:credBlob: true, webauthn:extension:largeBlob: true, webauthn:extension:minPinLength: true, webauthn:extension:prf: true, webauthn:virtualAuthenticators: true}
Session ID: ae0f058047682b36c2b388855a86254c]]>
            </message>
            <full-stacktrace>
              <![CDATA[org.openqa.selenium.TimeoutException: Expected condition failed: waiting for visibility of element located by By.xpath: //div[@data-team='qualityassurance']//span (tried for 5 second(s) with 500 milliseconds interval)
Build info: version: '4.23.0', revision: '4df0a231af'
System info: os.name: 'Mac OS X', os.arch: 'aarch64', os.version: '14.4.1', java.version: '17.0.5'
Driver info: org.openqa.selenium.chrome.ChromeDriver
Capabilities {acceptInsecureCerts: false, browserName: chrome, browserVersion: 128.0.6613.137, chrome: {chromedriverVersion: 128.0.6613.137 (fe621c5aa2d..., userDataDir: /var/folders/pq/xs3n_zk14lz...}, fedcm:accounts: true, goog:chromeOptions: {debuggerAddress: localhost:64315}, networkConnectionEnabled: false, pageLoadStrategy: normal, platformName: mac, proxy: Proxy(), se:cdp: ws://localhost:64315/devtoo..., se:cdpVersion: 128.0.6613.137, setWindowRect: true, strictFileInteractability: false, timeouts: {implicit: 0, pageLoad: 300000, script: 30000}, unhandledPromptBehavior: dismiss and notify, webauthn:extension:credBlob: true, webauthn:extension:largeBlob: true, webauthn:extension:minPinLength: true, webauthn:extension:prf: true, webauthn:virtualAuthenticators: true}
Session ID: ae0f058047682b36c2b388855a86254c
at org.openqa.selenium.support.ui.WebDriverWait.timeoutException(WebDriverWait.java:84)
at org.openqa.selenium.support.ui.FluentWait.until(FluentWait.java:228)
at insider.automation.ui.Pages.OpenQAJobsListPage.getOpenPositionsDepartment(OpenQAJobsListPage.java:82)
at insider.automation.ui.Tests.Scenario1.checkOpenPositionsDepartment(Scenario1.java:110)
at java.base/jdk.internal.reflect.NativeMethodAccessorImpl.invoke0(Native Method)
at java.base/jdk.internal.reflect.NativeMethodAccessorImpl.invoke(NativeMethodAccessorImpl.java:77)
at java.base/jdk.internal.reflect.DelegatingMethodAccessorImpl.invoke(DelegatingMethodAccessorImpl.java:43)
at java.base/java.lang.reflect.Method.invoke(Method.java:568)
at org.testng.internal.invokers.MethodInvocationHelper.invokeMethod(MethodInvocationHelper.java:139)
at org.testng.internal.invokers.TestInvoker.invokeMethod(TestInvoker.java:664)
at org.testng.internal.invokers.TestInvoker.invokeTestMethod(TestInvoker.java:227)
at org.testng.internal.invokers.MethodRunner.runInSequence(MethodRunner.java:50)
at org.testng.internal.invokers.TestInvoker$MethodInvocationAgent.invoke(TestInvoker.java:957)
at org.testng.internal.invokers.TestInvoker.invokeTestMethods(TestInvoker.java:200)
at org.testng.internal.invokers.TestMethodWorker.invokeTestMethods(TestMethodWorker.java:148)
at org.testng.internal.invokers.TestMethodWorker.run(TestMethodWorker.java:128)
at java.base/java.util.ArrayList.forEach(ArrayList.java:1511)
at org.testng.TestRunner.privateRun(TestRunner.java:848)
at org.testng.TestRunner.run(TestRunner.java:621)
at org.testng.SuiteRunner.runTest(SuiteRunner.java:443)
at org.testng.SuiteRunner.runSequentially(SuiteRunner.java:437)
at org.testng.SuiteRunner.privateRun(SuiteRunner.java:397)
at org.testng.SuiteRunner.run(SuiteRunner.java:336)
at org.testng.SuiteRunnerWorker.runSuite(SuiteRunnerWorker.java:52)
at org.testng.SuiteRunnerWorker.run(SuiteRunnerWorker.java:95)
at org.testng.TestNG.runSuitesSequentially(TestNG.java:1280)
at org.testng.TestNG.runSuitesLocally(TestNG.java:1200)
at org.testng.TestNG.runSuites(TestNG.java:1114)
at org.testng.TestNG.run(TestNG.java:1082)
at com.intellij.rt.testng.IDEARemoteTestNG.run(IDEARemoteTestNG.java:65)
at com.intellij.rt.testng.RemoteTestNGStarter.main(RemoteTestNGStarter.java:105)
]]>
            </full-stacktrace>
          </exception> <!-- org.openqa.selenium.TimeoutException -->
          <reporter-output>
          </reporter-output>
        </test-method> <!-- checkOpenPositionsDepartment -->
        <test-method signature="openJobDescriptionPage()[pri:0, instance:insider.automation.ui.Tests.Scenario1@5400db36]" started-at="2024-09-12T11:11:32 TRT" name="openJobDescriptionPage" finished-at="2024-09-12T11:11:32 TRT" depends-on-methods="insider.automation.ui.Tests.Scenario1.checkOpenPositionsDepartment" duration-ms="0" status="SKIP">
          <exception class="java.lang.Throwable">
            <message>
              <![CDATA[Method insider.automation.ui.Tests.Scenario1.openJobDescriptionPage() on instance insider.automation.ui.Tests.Scenario1@5400db36 depends on not successfully finished methods 
[insider.automation.ui.Tests.Scenario1.checkOpenPositionsDepartment() on instance insider.automation.ui.Tests.Scenario1@5400db36]]]>
            </message>
            <full-stacktrace>
              <![CDATA[java.lang.Throwable: Method insider.automation.ui.Tests.Scenario1.openJobDescriptionPage() on instance insider.automation.ui.Tests.Scenario1@5400db36 depends on not successfully finished methods 
[insider.automation.ui.Tests.Scenario1.checkOpenPositionsDepartment() on instance insider.automation.ui.Tests.Scenario1@5400db36]
at org.testng.internal.invokers.TestInvoker.invokeTestMethods(TestInvoker.java:156)
at org.testng.internal.invokers.TestMethodWorker.invokeTestMethods(TestMethodWorker.java:148)
at org.testng.internal.invokers.TestMethodWorker.run(TestMethodWorker.java:128)
at java.base/java.util.ArrayList.forEach(ArrayList.java:1511)
at org.testng.TestRunner.privateRun(TestRunner.java:848)
at org.testng.TestRunner.run(TestRunner.java:621)
at org.testng.SuiteRunner.runTest(SuiteRunner.java:443)
at org.testng.SuiteRunner.runSequentially(SuiteRunner.java:437)
at org.testng.SuiteRunner.privateRun(SuiteRunner.java:397)
at org.testng.SuiteRunner.run(SuiteRunner.java:336)
at org.testng.SuiteRunnerWorker.runSuite(SuiteRunnerWorker.java:52)
at org.testng.SuiteRunnerWorker.run(SuiteRunnerWorker.java:95)
at org.testng.TestNG.runSuitesSequentially(TestNG.java:1280)
at org.testng.TestNG.runSuitesLocally(TestNG.java:1200)
at org.testng.TestNG.runSuites(TestNG.java:1114)
at org.testng.TestNG.run(TestNG.java:1082)
at com.intellij.rt.testng.IDEARemoteTestNG.run(IDEARemoteTestNG.java:65)
at com.intellij.rt.testng.RemoteTestNGStarter.main(RemoteTestNGStarter.java:105)
]]>
            </full-stacktrace>
          </exception> <!-- java.lang.Throwable -->
          <reporter-output>
          </reporter-output>
        </test-method> <!-- openJobDescriptionPage -->
        <test-method is-config="true" signature="tearDown()[pri:0, instance:insider.automation.ui.Tests.Scenario1@5400db36]" started-at="2024-09-12T11:11:32 TRT" name="tearDown" finished-at="2024-09-12T11:11:32 TRT" duration-ms="119" status="PASS">
          <reporter-output>
          </reporter-output>
        </test-method> <!-- tearDown -->
      </class> <!-- insider.automation.ui.Tests.Scenario1 -->
    </test> <!-- /Users/egeacar/Desktop/insiderQAEngineerTask/SeleniumRestAssuredJmeter_InsiderTask_2024 -->
  </suite> <!-- All Test Suite -->
</testng-results>
